add
divide
save
load
remove
load
history
exit
add
add
exit
add
exit
add
add
history
add
subtract
history
add
subtract
history
add
history
exit
add
subtract
history
exit
add
divide
save
add
save
add
add
save
remove
add
remove
history
load
history
history
add
add
add
subtract
save
exit
add
subtract
multiply
divide
exit
add
add
history
add
history
exit
add
history
add
history
add
history
exit
add
history
subtract
history
exit
add
subtract
history
add
subtract
history
add
subtract
history
add
add
subtract
history
exit
add
suntract
7
subtract
history
save
add
history
exit
add
save
add
save
remove
history
load
load
history
subtract
divide
save
load
