INFO: Command: add 1
INFO: Command: divide 0
INFO: Command: ad
WARNING: Unknown command: ad
INFO: Command: exit
INFO: Command: add 1
INFO: Command: add 1
INFO: Command: multiply 2
INFO: Command: divide 0
INFO: Command: history
INFO: Command: remove 1
INFO: Command: save data.json
INFO: Command: remove 2
INFO: Command: history
INFO: Command: load data.json
INFO: Command: history
INFO: Command: clear
INFO: Command: history
INFO: Command: exit
INFO: Command: add 1
INFO: Command: divide 0
INFO: Command: add 9
INFO: Command: save data.json
INFO: Command: add 1
INFO: Command: add 8
INFO: Command: save data.json
INFO: Command: save data.csv
INFO: Command: add 1
INFO: Command: save data.csv
INFO: Command: add 2
INFO: Command: save data.csv
INFO: Command: exit
INFO: Command: add 1
INFO: Command: load data.csv
INFO: Command: load data.json
INFO: Command: load data.csv
INFO: Command: exit
INFO: Command: add 1
INFO: Command: load history.csv
ERROR: Failed to load history from history.csv
Traceback (most recent call last):
  File "/Users/ash14476/Library/CloudStorage/OneDrive-Esri/Github_repos/MasteringPython/Day5/calc_app_mod_OOP_file_Iterable_config/history.py", line 97, in load_from_file
    with open(file_name, "r", encoding="utf-8", newline="") as f:
         ~~~~^^^^^^^^^^^^^^^^^^^^^^^^^^^^^^^^^^^^^^^^^^^^^^
FileNotFoundError: [Errno 2] No such file or directory: 'history.csv'
INFO: Command: exit
INFO: Command: add 1
INFO: Command: load data.csv
INFO: Command: exit
INFO: Command: load data.csv
INFO: Command: exit
